2018-01-11 10:51:17.204 [main] INFO  com.maqway.wxht.WxhtApplication - Starting WxhtApplication on Sakura with PID 15208 (D:\Project\wxht\wxhtpt\target\classes started by Administrator in D:\Project\wxht)
2018-01-11 10:51:17.265 [main] INFO  com.maqway.wxht.WxhtApplication - No active profile set, falling back to default profiles: default
2018-01-11 10:51:23.986 [main] INFO  com.maqway.wxht.WxhtApplication - Started WxhtApplication in 7.282 seconds (JVM running for 10.4)
2018-01-11 11:06:51.655 [main] INFO  com.maqway.wxht.WxhtApplication - Starting WxhtApplication on Sakura with PID 14804 (D:\Project\wxht\wxhtpt\target\classes started by Administrator in D:\Project\wxht)
2018-01-11 11:06:51.662 [main] INFO  com.maqway.wxht.WxhtApplication - No active profile set, falling back to default profiles: default
2018-01-11 11:06:57.775 [main] INFO  com.maqway.wxht.WxhtApplication - Started WxhtApplication in 6.684 seconds (JVM running for 8.769)
2018-01-11 11:07:44.297 [http-nio-80-exec-2] INFO  com.maqway.wxht.handle.ExceptionHandle - class org.springframework.web.HttpRequestMethodNotSupportedExceptionThread.java文件	java.lang.Thread类	run方法	745行发生异常
Request method 'GET' not supported
2018-01-11 11:08:37.092 [main] INFO  com.maqway.wxht.WxhtApplication - Starting WxhtApplication on Sakura with PID 13332 (D:\Project\wxht\wxhtpt\target\classes started by Administrator in D:\Project\wxht)
2018-01-11 11:08:37.097 [main] INFO  com.maqway.wxht.WxhtApplication - No active profile set, falling back to default profiles: default
2018-01-11 11:08:43.429 [main] INFO  com.maqway.wxht.WxhtApplication - Started WxhtApplication in 6.963 seconds (JVM running for 9.347)
2018-01-11 11:11:14.776 [main] INFO  com.maqway.wxht.WxhtApplication - Starting WxhtApplication on Sakura with PID 14216 (D:\Project\wxht\wxhtpt\target\classes started by Administrator in D:\Project\wxht)
2018-01-11 11:11:14.782 [main] INFO  com.maqway.wxht.WxhtApplication - No active profile set, falling back to default profiles: default
2018-01-11 11:11:20.611 [main] INFO  com.maqway.wxht.WxhtApplication - Started WxhtApplication in 6.531 seconds (JVM running for 8.593)
2018-01-11 11:13:18.316 [main] INFO  com.maqway.wxht.WxhtApplication - Starting WxhtApplication on Sakura with PID 15188 (D:\Project\wxht\wxhtpt\target\classes started by Administrator in D:\Project\wxht)
2018-01-11 11:13:18.321 [main] INFO  com.maqway.wxht.WxhtApplication - No active profile set, falling back to default profiles: default
2018-01-11 11:13:24.685 [main] INFO  com.maqway.wxht.WxhtApplication - Started WxhtApplication in 7.06 seconds (JVM running for 9.018)
2018-01-11 11:13:47.203 [main] INFO  com.maqway.wxht.WxhtApplication - Starting WxhtApplication on Sakura with PID 15348 (D:\Project\wxht\wxhtpt\target\classes started by Administrator in D:\Project\wxht)
2018-01-11 11:13:47.208 [main] INFO  com.maqway.wxht.WxhtApplication - No active profile set, falling back to default profiles: default
2018-01-11 11:13:53.095 [main] INFO  com.maqway.wxht.WxhtApplication - Started WxhtApplication in 6.53 seconds (JVM running for 8.568)
2018-01-11 11:14:48.072 [main] INFO  com.maqway.wxht.WxhtApplication - Starting WxhtApplication on Sakura with PID 15072 (D:\Project\wxht\wxhtpt\target\classes started by Administrator in D:\Project\wxht)
2018-01-11 11:14:48.078 [main] INFO  com.maqway.wxht.WxhtApplication - No active profile set, falling back to default profiles: default
2018-01-11 11:14:54.240 [main] INFO  com.maqway.wxht.WxhtApplication - Started WxhtApplication in 6.814 seconds (JVM running for 8.871)
2018-01-11 11:15:29.102 [http-nio-80-exec-1] INFO  com.maqway.wxht.handle.ExceptionHandle - class java.lang.NullPointerExceptionThread.java文件	java.lang.Thread类	run方法	745行发生异常
null
2018-01-11 11:18:50.899 [main] INFO  com.maqway.wxht.WxhtApplication - Starting WxhtApplication on Sakura with PID 13884 (D:\Project\wxht\wxhtpt\target\classes started by Administrator in D:\Project\wxht)
2018-01-11 11:18:50.904 [main] INFO  com.maqway.wxht.WxhtApplication - No active profile set, falling back to default profiles: default
2018-01-11 11:18:56.985 [main] INFO  com.maqway.wxht.WxhtApplication - Started WxhtApplication in 6.696 seconds (JVM running for 8.695)
2018-01-11 11:28:41.085 [main] INFO  com.maqway.wxht.WxhtApplication - Starting WxhtApplication on Sakura with PID 9720 (D:\Project\wxht\wxhtpt\target\classes started by Administrator in D:\Project\wxht)
2018-01-11 11:28:41.091 [main] INFO  com.maqway.wxht.WxhtApplication - No active profile set, falling back to default profiles: default
2018-01-11 11:28:49.793 [main] INFO  com.maqway.wxht.WxhtApplication - Started WxhtApplication in 9.819 seconds (JVM running for 12.588)
2018-01-11 11:34:40.198 [main] INFO  com.maqway.wxht.WxhtApplication - Starting WxhtApplication on Sakura with PID 15304 (D:\Project\wxht\wxhtpt\target\classes started by Administrator in D:\Project\wxht)
2018-01-11 11:34:40.218 [main] INFO  com.maqway.wxht.WxhtApplication - No active profile set, falling back to default profiles: default
2018-01-11 11:34:46.573 [main] INFO  com.maqway.wxht.WxhtApplication - Started WxhtApplication in 6.983 seconds (JVM running for 9.161)
2018-01-11 11:35:43.156 [main] INFO  com.maqway.wxht.WxhtApplication - Starting WxhtApplication on Sakura with PID 2316 (D:\Project\wxht\wxhtpt\target\classes started by Administrator in D:\Project\wxht)
2018-01-11 11:35:43.162 [main] INFO  com.maqway.wxht.WxhtApplication - No active profile set, falling back to default profiles: default
2018-01-11 11:35:50.271 [main] INFO  com.maqway.wxht.WxhtApplication - Started WxhtApplication in 7.701 seconds (JVM running for 9.861)
2018-01-11 11:41:40.966 [main] INFO  com.maqway.wxht.WxhtApplication - Starting WxhtApplication on Sakura with PID 14572 (D:\Project\wxht\wxhtpt\target\classes started by Administrator in D:\Project\wxht)
2018-01-11 11:41:40.972 [main] INFO  com.maqway.wxht.WxhtApplication - No active profile set, falling back to default profiles: default
2018-01-11 11:41:47.323 [main] INFO  com.maqway.wxht.WxhtApplication - Started WxhtApplication in 7.042 seconds (JVM running for 9.13)
2018-01-11 11:47:48.457 [main] INFO  com.maqway.wxht.WxhtApplication - Starting WxhtApplication on Sakura with PID 13728 (D:\Project\wxht\wxhtpt\target\classes started by Administrator in D:\Project\wxht)
2018-01-11 11:47:48.462 [main] INFO  com.maqway.wxht.WxhtApplication - No active profile set, falling back to default profiles: default
2018-01-11 11:47:54.858 [main] INFO  com.maqway.wxht.WxhtApplication - Started WxhtApplication in 7.029 seconds (JVM running for 9.12)
2018-01-11 11:50:57.639 [main] INFO  com.maqway.wxht.WxhtApplication - Starting WxhtApplication on Sakura with PID 12808 (D:\Project\wxht\wxhtpt\target\classes started by Administrator in D:\Project\wxht)
2018-01-11 11:50:57.646 [main] INFO  com.maqway.wxht.WxhtApplication - No active profile set, falling back to default profiles: default
2018-01-11 11:51:04.328 [main] INFO  com.maqway.wxht.WxhtApplication - Started WxhtApplication in 7.331 seconds (JVM running for 10.588)
2018-01-11 11:52:28.288 [http-nio-80-exec-3] INFO  com.maqway.wxht.handle.ExceptionHandle - class java.lang.IndexOutOfBoundsExceptionThread.java文件	java.lang.Thread类	run方法	745行发生异常
Index: 0, Size: 0
2018-01-11 11:52:28.311 [http-nio-80-exec-4] INFO  com.maqway.wxht.handle.ExceptionHandle - class java.lang.IndexOutOfBoundsExceptionThread.java文件	java.lang.Thread类	run方法	745行发生异常
Index: 0, Size: 0
2018-01-11 11:52:35.253 [main] INFO  com.maqway.wxht.WxhtApplication - Starting WxhtApplication on Sakura with PID 14612 (D:\Project\wxht\wxhtpt\target\classes started by Administrator in D:\Project\wxht)
2018-01-11 11:52:35.259 [main] INFO  com.maqway.wxht.WxhtApplication - No active profile set, falling back to default profiles: default
2018-01-11 11:52:41.497 [main] INFO  com.maqway.wxht.WxhtApplication - Started WxhtApplication in 6.916 seconds (JVM running for 9.274)
2018-01-11 11:53:43.752 [http-nio-80-exec-3] INFO  com.maqway.wxht.handle.ExceptionHandle - class java.lang.IndexOutOfBoundsExceptionThread.java文件	java.lang.Thread类	run方法	745行发生异常
Index: 0, Size: 0
2018-01-11 11:58:17.315 [main] INFO  com.maqway.wxht.WxhtApplication - Starting WxhtApplication on Sakura with PID 10548 (D:\Project\wxht\wxhtpt\target\classes started by Administrator in D:\Project\wxht)
2018-01-11 11:58:17.320 [main] INFO  com.maqway.wxht.WxhtApplication - No active profile set, falling back to default profiles: default
2018-01-11 11:58:23.628 [main] INFO  com.maqway.wxht.WxhtApplication - Started WxhtApplication in 7.011 seconds (JVM running for 9.463)
2018-01-11 12:01:29.031 [http-nio-80-exec-1] INFO  com.maqway.wxht.handle.ExceptionHandle - class com.maqway.wxht.Exception.WXManageOperationExceptionThread.java文件	java.lang.Thread类	run方法	745行发生异常

### Error updating database.  Cause: com.mysql.jdbc.exceptions.jdbc4.MySQLIntegrityConstraintViolationException: Column 'wxmanage_img' cannot be null
### The error may involve com.maqway.wxht.dao.WXManageDao.insertWXManage-Inline
### The error occurred while setting parameters
### SQL: INSERT  INTO tb_wxmanage     (wxmanage_name, wxmanage_desc, wxmanage_img, priority, create_time, update_time, enable_status, owner_id, wmc_id, advice)     VALUES     (?,?,?,?,?,?,?,?,?,?)
### Cause: com.mysql.jdbc.exceptions.jdbc4.MySQLIntegrityConstraintViolationException: Column 'wxmanage_img' cannot be null
; SQL []; Column 'wxmanage_img' cannot be null; nested exception is com.mysql.jdbc.exceptions.jdbc4.MySQLIntegrityConstraintViolationException: Column 'wxmanage_img' cannot be null
2018-01-11 12:03:53.200 [main] INFO  com.maqway.wxht.WxhtApplication - Starting WxhtApplication on Sakura with PID 7760 (D:\Project\wxht\wxhtpt\target\classes started by Administrator in D:\Project\wxht)
2018-01-11 12:03:53.206 [main] INFO  com.maqway.wxht.WxhtApplication - No active profile set, falling back to default profiles: default
2018-01-11 12:03:59.191 [main] INFO  com.maqway.wxht.WxhtApplication - Started WxhtApplication in 6.544 seconds (JVM running for 8.567)
2018-01-11 12:08:08.474 [main] INFO  com.maqway.wxht.WxhtApplication - Starting WxhtApplication on Sakura with PID 15216 (D:\Project\wxht\wxhtpt\target\classes started by Administrator in D:\Project\wxht)
2018-01-11 12:08:08.479 [main] INFO  com.maqway.wxht.WxhtApplication - No active profile set, falling back to default profiles: default
2018-01-11 12:08:14.954 [main] INFO  com.maqway.wxht.WxhtApplication - Started WxhtApplication in 7.031 seconds (JVM running for 9.154)
2018-01-11 12:12:17.704 [http-nio-80-exec-8] INFO  com.maqway.wxht.handle.ExceptionHandle - class org.springframework.web.multipart.MultipartExceptionThread.java文件	java.lang.Thread类	run方法	745行发生异常
Failed to parse multipart servlet request; nested exception is org.apache.commons.fileupload.FileUploadBase$IOFileUploadException: Processing of multipart/form-data request failed. null
2018-01-11 12:13:02.472 [main] INFO  com.maqway.wxht.WxhtApplication - Starting WxhtApplication on Sakura with PID 2196 (D:\Project\wxht\wxhtpt\target\classes started by Administrator in D:\Project\wxht)
2018-01-11 12:13:02.478 [main] INFO  com.maqway.wxht.WxhtApplication - No active profile set, falling back to default profiles: default
2018-01-11 12:13:08.862 [main] INFO  com.maqway.wxht.WxhtApplication - Started WxhtApplication in 7.039 seconds (JVM running for 9.294)
2018-01-11 12:13:21.342 [http-nio-80-exec-5] INFO  com.maqway.wxht.handle.ExceptionHandle - class java.lang.NullPointerExceptionThread.java文件	java.lang.Thread类	run方法	745行发生异常
null
2018-01-11 12:15:09.120 [main] INFO  com.maqway.wxht.WxhtApplication - Starting WxhtApplication on Sakura with PID 1796 (D:\Project\wxht\wxhtpt\target\classes started by Administrator in D:\Project\wxht)
2018-01-11 12:15:09.126 [main] INFO  com.maqway.wxht.WxhtApplication - No active profile set, falling back to default profiles: default
2018-01-11 12:15:15.417 [main] INFO  com.maqway.wxht.WxhtApplication - Started WxhtApplication in 6.891 seconds (JVM running for 9.024)
2018-01-11 12:17:16.729 [main] INFO  com.maqway.wxht.WxhtApplication - Starting WxhtApplication on Sakura with PID 12384 (D:\Project\wxht\wxhtpt\target\classes started by Administrator in D:\Project\wxht)
2018-01-11 12:17:16.734 [main] INFO  com.maqway.wxht.WxhtApplication - No active profile set, falling back to default profiles: default
2018-01-11 12:17:22.929 [main] INFO  com.maqway.wxht.WxhtApplication - Started WxhtApplication in 6.889 seconds (JVM running for 8.99)
2018-01-11 12:18:54.203 [main] INFO  com.maqway.wxht.WxhtApplication - Starting WxhtApplication on Sakura with PID 6996 (D:\Project\wxht\wxhtpt\target\classes started by Administrator in D:\Project\wxht)
2018-01-11 12:18:54.207 [main] INFO  com.maqway.wxht.WxhtApplication - No active profile set, falling back to default profiles: default
2018-01-11 12:19:00.580 [main] INFO  com.maqway.wxht.WxhtApplication - Started WxhtApplication in 7.051 seconds (JVM running for 9.186)
2018-01-11 12:23:04.609 [main] INFO  com.maqway.wxht.WxhtApplication - Starting WxhtApplication on Sakura with PID 14752 (D:\Project\wxht\wxhtpt\target\classes started by Administrator in D:\Project\wxht)
2018-01-11 12:23:04.615 [main] INFO  com.maqway.wxht.WxhtApplication - No active profile set, falling back to default profiles: default
2018-01-11 12:23:11.130 [main] INFO  com.maqway.wxht.WxhtApplication - Started WxhtApplication in 7.21 seconds (JVM running for 9.329)
2018-01-11 12:24:32.680 [main] INFO  com.maqway.wxht.WxhtApplication - Starting WxhtApplication on Sakura with PID 7952 (D:\Project\wxht\wxhtpt\target\classes started by Administrator in D:\Project\wxht)
2018-01-11 12:24:32.694 [main] INFO  com.maqway.wxht.WxhtApplication - No active profile set, falling back to default profiles: default
2018-01-11 12:24:39.158 [main] INFO  com.maqway.wxht.WxhtApplication - Started WxhtApplication in 7.094 seconds (JVM running for 9.19)
2018-01-11 12:25:38.062 [main] INFO  com.maqway.wxht.WxhtApplication - Starting WxhtApplication on Sakura with PID 3500 (D:\Project\wxht\wxhtpt\target\classes started by Administrator in D:\Project\wxht)
2018-01-11 12:25:38.087 [main] INFO  com.maqway.wxht.WxhtApplication - No active profile set, falling back to default profiles: default
2018-01-11 12:25:45.464 [main] INFO  com.maqway.wxht.WxhtApplication - Started WxhtApplication in 8.047 seconds (JVM running for 10.544)
2018-01-11 12:26:04.849 [http-nio-80-exec-6] INFO  com.maqway.wxht.handle.ExceptionHandle - class java.lang.NullPointerExceptionThread.java文件	java.lang.Thread类	run方法	745行发生异常
null
2018-01-11 13:00:44.767 [main] INFO  com.maqway.wxht.WxhtApplication - Starting WxhtApplication on Sakura with PID 12324 (D:\Project\wxht\wxhtpt\target\classes started by Administrator in D:\Project\wxht)
2018-01-11 13:00:44.772 [main] INFO  com.maqway.wxht.WxhtApplication - No active profile set, falling back to default profiles: default
2018-01-11 13:00:50.804 [main] INFO  com.maqway.wxht.WxhtApplication - Started WxhtApplication in 6.606 seconds (JVM running for 8.428)
2018-01-11 13:01:41.928 [http-nio-80-exec-2] INFO  com.maqway.wxht.handle.ExceptionHandle - class org.springframework.web.HttpRequestMethodNotSupportedExceptionThread.java文件	java.lang.Thread类	run方法	745行发生异常
Request method 'GET' not supported
2018-01-11 13:02:43.847 [main] INFO  com.maqway.wxht.WxhtApplication - Starting WxhtApplication on Sakura with PID 14788 (D:\Project\wxht\wxhtpt\target\classes started by Administrator in D:\Project\wxht)
2018-01-11 13:02:43.852 [main] INFO  com.maqway.wxht.WxhtApplication - No active profile set, falling back to default profiles: default
2018-01-11 13:02:49.979 [main] INFO  com.maqway.wxht.WxhtApplication - Started WxhtApplication in 6.751 seconds (JVM running for 8.553)
2018-01-11 13:13:34.257 [main] INFO  com.maqway.wxht.WxhtApplication - Starting WxhtApplication on Sakura with PID 14832 (D:\Project\wxht\wxhtpt\target\classes started by Administrator in D:\Project\wxht)
2018-01-11 13:13:34.263 [main] INFO  com.maqway.wxht.WxhtApplication - No active profile set, falling back to default profiles: default
2018-01-11 13:13:40.625 [main] INFO  com.maqway.wxht.WxhtApplication - Started WxhtApplication in 7.013 seconds (JVM running for 9.271)
2018-01-11 13:15:46.533 [main] INFO  com.maqway.wxht.WxhtApplication - Starting WxhtApplication on Sakura with PID 4852 (D:\Project\wxht\wxhtpt\target\classes started by Administrator in D:\Project\wxht)
2018-01-11 13:15:46.538 [main] INFO  com.maqway.wxht.WxhtApplication - No active profile set, falling back to default profiles: default
2018-01-11 13:15:53.030 [main] INFO  com.maqway.wxht.WxhtApplication - Started WxhtApplication in 7.2 seconds (JVM running for 9.414)
2018-01-11 13:17:21.393 [main] INFO  com.maqway.wxht.WxhtApplication - Starting WxhtApplication on Sakura with PID 12540 (D:\Project\wxht\wxhtpt\target\classes started by Administrator in D:\Project\wxht)
2018-01-11 13:17:21.398 [main] INFO  com.maqway.wxht.WxhtApplication - No active profile set, falling back to default profiles: default
2018-01-11 13:17:27.539 [main] INFO  com.maqway.wxht.WxhtApplication - Started WxhtApplication in 6.787 seconds (JVM running for 8.988)
2018-01-11 13:18:44.291 [main] INFO  com.maqway.wxht.WxhtApplication - Starting WxhtApplication on Sakura with PID 12456 (D:\Project\wxht\wxhtpt\target\classes started by Administrator in D:\Project\wxht)
2018-01-11 13:18:44.297 [main] INFO  com.maqway.wxht.WxhtApplication - No active profile set, falling back to default profiles: default
2018-01-11 13:18:50.488 [main] INFO  com.maqway.wxht.WxhtApplication - Started WxhtApplication in 6.847 seconds (JVM running for 9.095)
2018-01-11 13:34:24.834 [main] INFO  com.maqway.wxht.WxhtApplication - Starting WxhtApplication on Sakura with PID 4240 (D:\Project\wxht\wxhtpt\target\classes started by Administrator in D:\Project\wxht)
2018-01-11 13:34:24.842 [main] INFO  com.maqway.wxht.WxhtApplication - No active profile set, falling back to default profiles: default
2018-01-11 13:34:31.228 [main] INFO  com.maqway.wxht.WxhtApplication - Started WxhtApplication in 6.999 seconds (JVM running for 8.997)
2018-01-11 13:38:01.455 [main] INFO  com.maqway.wxht.WxhtApplication - Starting WxhtApplication on Sakura with PID 13856 (D:\Project\wxht\wxhtpt\target\classes started by Administrator in D:\Project\wxht)
2018-01-11 13:38:01.462 [main] INFO  com.maqway.wxht.WxhtApplication - No active profile set, falling back to default profiles: default
2018-01-11 13:38:08.702 [main] INFO  com.maqway.wxht.WxhtApplication - Started WxhtApplication in 7.899 seconds (JVM running for 10.221)
2018-01-11 13:40:18.502 [main] INFO  com.maqway.wxht.WxhtApplication - Starting WxhtApplication on Sakura with PID 15072 (D:\Project\wxht\wxhtpt\target\classes started by Administrator in D:\Project\wxht)
2018-01-11 13:40:18.567 [main] INFO  com.maqway.wxht.WxhtApplication - No active profile set, falling back to default profiles: default
2018-01-11 13:40:25.156 [main] INFO  com.maqway.wxht.WxhtApplication - Started WxhtApplication in 7.321 seconds (JVM running for 9.534)
2018-01-11 13:47:20.897 [main] INFO  com.maqway.wxht.WxhtApplication - Starting WxhtApplication on Sakura with PID 2252 (D:\Project\wxht\wxhtpt\target\classes started by Administrator in D:\Project\wxht)
2018-01-11 13:47:20.903 [main] INFO  com.maqway.wxht.WxhtApplication - No active profile set, falling back to default profiles: default
2018-01-11 13:47:27.290 [main] INFO  com.maqway.wxht.WxhtApplication - Started WxhtApplication in 7.006 seconds (JVM running for 9.068)
2018-01-11 13:51:48.546 [main] INFO  com.maqway.wxht.WxhtApplication - Starting WxhtApplication on Sakura with PID 5980 (D:\Project\wxht\wxhtpt\target\classes started by Administrator in D:\Project\wxht)
2018-01-11 13:51:48.551 [main] INFO  com.maqway.wxht.WxhtApplication - No active profile set, falling back to default profiles: default
2018-01-11 13:51:54.869 [main] INFO  com.maqway.wxht.WxhtApplication - Started WxhtApplication in 6.903 seconds (JVM running for 9.004)
2018-01-11 13:59:05.175 [main] INFO  com.maqway.wxht.WxhtApplication - Starting WxhtApplication on Sakura with PID 12716 (D:\Project\wxht\wxhtpt\target\classes started by Administrator in D:\Project\wxht)
2018-01-11 13:59:05.181 [main] INFO  com.maqway.wxht.WxhtApplication - No active profile set, falling back to default profiles: default
2018-01-11 13:59:11.573 [main] INFO  com.maqway.wxht.WxhtApplication - Started WxhtApplication in 7.023 seconds (JVM running for 9.176)
2018-01-11 14:04:06.981 [main] INFO  com.maqway.wxht.WxhtApplication - Starting WxhtApplication on Sakura with PID 13628 (D:\Project\wxht\wxhtpt\target\classes started by Administrator in D:\Project\wxht)
2018-01-11 14:04:06.989 [main] INFO  com.maqway.wxht.WxhtApplication - No active profile set, falling back to default profiles: default
2018-01-11 14:04:13.574 [main] INFO  com.maqway.wxht.WxhtApplication - Started WxhtApplication in 7.191 seconds (JVM running for 9.251)
2018-01-11 14:05:10.392 [http-nio-80-exec-7] INFO  com.maqway.wxht.handle.ExceptionHandle - class java.lang.NullPointerExceptionThread.java文件	java.lang.Thread类	run方法	745行发生异常
null
2018-01-11 14:09:31.526 [http-nio-80-exec-9] INFO  com.maqway.wxht.handle.ExceptionHandle - class java.lang.NullPointerExceptionThread.java文件	java.lang.Thread类	run方法	745行发生异常
null
2018-01-11 14:10:58.618 [http-nio-80-exec-10] INFO  com.maqway.wxht.handle.ExceptionHandle - class java.lang.NullPointerExceptionThread.java文件	java.lang.Thread类	run方法	745行发生异常
null
2018-01-11 14:11:19.232 [http-nio-80-exec-5] INFO  com.maqway.wxht.handle.ExceptionHandle - class java.lang.NullPointerExceptionThread.java文件	java.lang.Thread类	run方法	745行发生异常
null
2018-01-11 14:11:31.566 [http-nio-80-exec-7] INFO  com.maqway.wxht.handle.ExceptionHandle - class java.lang.NullPointerExceptionThread.java文件	java.lang.Thread类	run方法	745行发生异常
null
2018-01-11 14:17:57.324 [http-nio-80-exec-1] INFO  com.maqway.wxht.handle.ExceptionHandle - class java.lang.NullPointerExceptionThread.java文件	java.lang.Thread类	run方法	745行发生异常
null
2018-01-11 14:21:52.733 [http-nio-80-exec-10] INFO  com.maqway.wxht.handle.ExceptionHandle - class java.lang.NullPointerExceptionThread.java文件	java.lang.Thread类	run方法	745行发生异常
null
2018-01-11 14:21:53.755 [http-nio-80-exec-2] INFO  com.maqway.wxht.handle.ExceptionHandle - class java.lang.NullPointerExceptionThread.java文件	java.lang.Thread类	run方法	745行发生异常
null
2018-01-11 14:21:55.885 [http-nio-80-exec-5] INFO  com.maqway.wxht.handle.ExceptionHandle - class java.lang.NullPointerExceptionThread.java文件	java.lang.Thread类	run方法	745行发生异常
null
2018-01-11 14:23:45.141 [http-nio-80-exec-4] INFO  com.maqway.wxht.handle.ExceptionHandle - class java.lang.NullPointerExceptionThread.java文件	java.lang.Thread类	run方法	745行发生异常
null
2018-01-11 14:24:36.285 [http-nio-80-exec-1] INFO  com.maqway.wxht.handle.ExceptionHandle - class java.lang.NullPointerExceptionThread.java文件	java.lang.Thread类	run方法	745行发生异常
null
2018-01-11 14:24:44.363 [main] INFO  com.maqway.wxht.WxhtApplication - Starting WxhtApplication on Sakura with PID 14876 (D:\Project\wxht\wxhtpt\target\classes started by Administrator in D:\Project\wxht)
2018-01-11 14:24:44.384 [main] INFO  com.maqway.wxht.WxhtApplication - No active profile set, falling back to default profiles: default
2018-01-11 14:24:50.796 [main] INFO  com.maqway.wxht.WxhtApplication - Started WxhtApplication in 7.17 seconds (JVM running for 9.223)
2018-01-11 14:29:36.972 [main] INFO  com.maqway.wxht.WxhtApplication - Starting WxhtApplication on Sakura with PID 212 (D:\Project\wxht\wxhtpt\target\classes started by Administrator in D:\Project\wxht)
2018-01-11 14:29:36.979 [main] INFO  com.maqway.wxht.WxhtApplication - No active profile set, falling back to default profiles: default
2018-01-11 14:29:43.289 [main] INFO  com.maqway.wxht.WxhtApplication - Started WxhtApplication in 6.892 seconds (JVM running for 9.092)
2018-01-11 14:34:47.135 [main] INFO  com.maqway.wxht.WxhtApplication - Starting WxhtApplication on Sakura with PID 14148 (D:\Project\wxht\wxhtpt\target\classes started by Administrator in D:\Project\wxht)
2018-01-11 14:34:47.145 [main] INFO  com.maqway.wxht.WxhtApplication - No active profile set, falling back to default profiles: default
2018-01-11 14:34:53.186 [main] INFO  com.maqway.wxht.WxhtApplication - Started WxhtApplication in 6.707 seconds (JVM running for 8.797)
2018-01-11 14:37:32.649 [main] INFO  com.maqway.wxht.WxhtApplication - Starting WxhtApplication on Sakura with PID 14440 (D:\Project\wxht\wxhtpt\target\classes started by Administrator in D:\Project\wxht)
2018-01-11 14:37:32.655 [main] INFO  com.maqway.wxht.WxhtApplication - No active profile set, falling back to default profiles: default
2018-01-11 14:37:38.799 [main] INFO  com.maqway.wxht.WxhtApplication - Started WxhtApplication in 6.738 seconds (JVM running for 8.806)
2018-01-11 14:38:46.380 [http-nio-80-exec-6] INFO  com.maqway.wxht.handle.ExceptionHandle - class com.maqway.wxht.Exception.WXOperationExceptionThread.java文件	java.lang.Thread类	run方法	745行发生异常
nested exception is org.apache.ibatis.reflection.ReflectionException: There is no getter for property named 'updateTIme' in 'class com.maqway.wxht.entity.WX'
2018-01-11 14:39:32.861 [main] INFO  com.maqway.wxht.WxhtApplication - Starting WxhtApplication on Sakura with PID 2208 (D:\Project\wxht\wxhtpt\target\classes started by Administrator in D:\Project\wxht)
2018-01-11 14:39:32.868 [main] INFO  com.maqway.wxht.WxhtApplication - No active profile set, falling back to default profiles: default
2018-01-11 14:39:39.042 [main] INFO  com.maqway.wxht.WxhtApplication - Started WxhtApplication in 6.757 seconds (JVM running for 8.93)
2018-01-11 14:42:04.336 [main] INFO  com.maqway.wxht.WxhtApplication - Starting WxhtApplication on Sakura with PID 14616 (D:\Project\wxht\wxhtpt\target\classes started by Administrator in D:\Project\wxht)
2018-01-11 14:42:04.343 [main] INFO  com.maqway.wxht.WxhtApplication - No active profile set, falling back to default profiles: default
2018-01-11 14:42:10.501 [main] INFO  com.maqway.wxht.WxhtApplication - Started WxhtApplication in 6.854 seconds (JVM running for 9.026)
2018-01-11 14:47:31.663 [main] INFO  com.maqway.wxht.WxhtApplication - Starting WxhtApplication on Sakura with PID 4168 (D:\Project\wxht\wxhtpt\target\classes started by Administrator in D:\Project\wxht)
2018-01-11 14:47:31.671 [main] INFO  com.maqway.wxht.WxhtApplication - No active profile set, falling back to default profiles: default
2018-01-11 14:47:37.908 [main] INFO  com.maqway.wxht.WxhtApplication - Started WxhtApplication in 6.864 seconds (JVM running for 8.913)
2018-01-11 14:54:04.635 [main] INFO  com.maqway.wxht.WxhtApplication - Starting WxhtApplication on Sakura with PID 11892 (D:\Project\wxht\wxhtpt\target\classes started by Administrator in D:\Project\wxht)
2018-01-11 14:54:04.641 [main] INFO  com.maqway.wxht.WxhtApplication - No active profile set, falling back to default profiles: default
2018-01-11 14:54:11.229 [main] INFO  com.maqway.wxht.WxhtApplication - Started WxhtApplication in 7.205 seconds (JVM running for 9.375)
2018-01-11 14:58:40.556 [main] INFO  com.maqway.wxht.WxhtApplication - Starting WxhtApplication on Sakura with PID 3220 (D:\Project\wxht\wxhtpt\target\classes started by Administrator in D:\Project\wxht)
2018-01-11 14:58:40.565 [main] INFO  com.maqway.wxht.WxhtApplication - No active profile set, falling back to default profiles: default
2018-01-11 14:58:46.847 [main] INFO  com.maqway.wxht.WxhtApplication - Started WxhtApplication in 6.796 seconds (JVM running for 8.92)
2018-01-11 15:07:13.313 [main] INFO  com.maqway.wxht.WxhtApplication - Starting WxhtApplication on Sakura with PID 15212 (D:\Project\wxht\wxhtpt\target\classes started by Administrator in D:\Project\wxht)
2018-01-11 15:07:13.319 [main] INFO  com.maqway.wxht.WxhtApplication - No active profile set, falling back to default profiles: default
2018-01-11 15:07:19.467 [main] INFO  com.maqway.wxht.WxhtApplication - Started WxhtApplication in 6.701 seconds (JVM running for 8.795)
2018-01-11 15:08:58.705 [main] INFO  com.maqway.wxht.WxhtApplication - Starting WxhtApplication on Sakura with PID 5352 (D:\Project\wxht\wxhtpt\target\classes started by Administrator in D:\Project\wxht)
2018-01-11 15:08:58.710 [main] INFO  com.maqway.wxht.WxhtApplication - No active profile set, falling back to default profiles: default
2018-01-11 15:09:04.782 [main] INFO  com.maqway.wxht.WxhtApplication - Started WxhtApplication in 6.725 seconds (JVM running for 8.747)
2018-01-11 15:10:04.270 [main] INFO  com.maqway.wxht.WxhtApplication - Starting WxhtApplication on Sakura with PID 14104 (D:\Project\wxht\wxhtpt\target\classes started by Administrator in D:\Project\wxht)
2018-01-11 15:10:04.275 [main] INFO  com.maqway.wxht.WxhtApplication - No active profile set, falling back to default profiles: default
2018-01-11 15:10:10.319 [main] INFO  com.maqway.wxht.WxhtApplication - Started WxhtApplication in 6.679 seconds (JVM running for 8.72)
2018-01-11 15:14:13.518 [main] INFO  com.maqway.wxht.WxhtApplication - Starting WxhtApplication on Sakura with PID 11604 (D:\Project\wxht\wxhtpt\target\classes started by Administrator in D:\Project\wxht)
2018-01-11 15:14:13.524 [main] INFO  com.maqway.wxht.WxhtApplication - No active profile set, falling back to default profiles: default
2018-01-11 15:14:19.719 [main] INFO  com.maqway.wxht.WxhtApplication - Started WxhtApplication in 6.811 seconds (JVM running for 8.838)
2018-01-11 15:26:21.087 [main] INFO  com.maqway.wxht.WxhtApplication - Starting WxhtApplication on Sakura with PID 13288 (D:\Project\wxht\wxhtpt\target\classes started by Administrator in D:\Project\wxht)
2018-01-11 15:26:21.093 [main] INFO  com.maqway.wxht.WxhtApplication - No active profile set, falling back to default profiles: default
2018-01-11 15:26:26.988 [main] INFO  com.maqway.wxht.WxhtApplication - Started WxhtApplication in 6.545 seconds (JVM running for 8.694)
2018-01-11 15:27:48.758 [main] INFO  com.maqway.wxht.WxhtApplication - Starting WxhtApplication on Sakura with PID 4272 (D:\Project\wxht\wxhtpt\target\classes started by Administrator in D:\Project\wxht)
2018-01-11 15:27:48.764 [main] INFO  com.maqway.wxht.WxhtApplication - No active profile set, falling back to default profiles: default
2018-01-11 15:27:55.641 [main] INFO  com.maqway.wxht.WxhtApplication - Started WxhtApplication in 7.471 seconds (JVM running for 9.457)
2018-01-11 15:30:59.523 [main] INFO  com.maqway.wxht.WxhtApplication - Starting WxhtApplication on Sakura with PID 12716 (D:\Project\wxht\wxhtpt\target\classes started by Administrator in D:\Project\wxht)
2018-01-11 15:30:59.529 [main] INFO  com.maqway.wxht.WxhtApplication - No active profile set, falling back to default profiles: default
2018-01-11 15:31:05.817 [main] INFO  com.maqway.wxht.WxhtApplication - Started WxhtApplication in 6.878 seconds (JVM running for 8.929)
2018-01-11 15:35:36.940 [main] INFO  com.maqway.wxht.WxhtApplication - Starting WxhtApplication on Sakura with PID 8236 (D:\Project\wxht\wxhtpt\target\classes started by Administrator in D:\Project\wxht)
2018-01-11 15:35:36.946 [main] INFO  com.maqway.wxht.WxhtApplication - No active profile set, falling back to default profiles: default
2018-01-11 15:35:43.062 [main] INFO  com.maqway.wxht.WxhtApplication - Started WxhtApplication in 6.685 seconds (JVM running for 8.983)
2018-01-11 15:37:34.280 [main] INFO  com.maqway.wxht.WxhtApplication - Starting WxhtApplication on Sakura with PID 10208 (D:\Project\wxht\wxhtpt\target\classes started by Administrator in D:\Project\wxht)
2018-01-11 15:37:34.286 [main] INFO  com.maqway.wxht.WxhtApplication - No active profile set, falling back to default profiles: default
2018-01-11 15:37:40.448 [main] INFO  com.maqway.wxht.WxhtApplication - Started WxhtApplication in 6.759 seconds (JVM running for 8.871)
2018-01-11 17:32:28.975 [main] INFO  com.maqway.wxht.WxhtApplication - Starting WxhtApplication on Sakura with PID 2760 (D:\Project\wxht\wxhtpt\target\classes started by Administrator in D:\Project\wxht)
2018-01-11 17:32:28.980 [main] INFO  com.maqway.wxht.WxhtApplication - No active profile set, falling back to default profiles: default
2018-01-11 17:32:35.290 [main] INFO  com.maqway.wxht.WxhtApplication - Started WxhtApplication in 6.915 seconds (JVM running for 9.455)
2018-01-11 17:34:00.825 [main] INFO  com.maqway.wxht.WxhtApplication - Starting WxhtApplication on Sakura with PID 1080 (D:\Project\wxht\wxhtpt\target\classes started by Administrator in D:\Project\wxht)
2018-01-11 17:34:00.831 [main] INFO  com.maqway.wxht.WxhtApplication - No active profile set, falling back to default profiles: default
2018-01-11 17:34:07.517 [main] INFO  com.maqway.wxht.WxhtApplication - Started WxhtApplication in 7.392 seconds (JVM running for 9.551)
2018-01-11 17:39:00.831 [main] INFO  com.maqway.wxht.WxhtApplication - Starting WxhtApplication on Sakura with PID 14636 (D:\Project\wxht\wxhtpt\target\classes started by Administrator in D:\Project\wxht)
2018-01-11 17:39:00.836 [main] INFO  com.maqway.wxht.WxhtApplication - No active profile set, falling back to default profiles: default
2018-01-11 17:39:07.810 [main] INFO  com.maqway.wxht.WxhtApplication - Started WxhtApplication in 7.547 seconds (JVM running for 9.717)
2018-01-11 17:39:39.953 [main] INFO  com.maqway.wxht.WxhtApplication - Starting WxhtApplication on Sakura with PID 11588 (D:\Project\wxht\wxhtpt\target\classes started by Administrator in D:\Project\wxht)
2018-01-11 17:39:39.959 [main] INFO  com.maqway.wxht.WxhtApplication - No active profile set, falling back to default profiles: default
2018-01-11 17:39:46.714 [main] INFO  com.maqway.wxht.WxhtApplication - Started WxhtApplication in 7.57 seconds (JVM running for 9.686)
2018-01-11 17:44:37.681 [main] INFO  com.maqway.wxht.WxhtApplication - Starting WxhtApplication on Sakura with PID 4664 (D:\Project\wxht\wxhtpt\target\classes started by Administrator in D:\Project\wxht)
2018-01-11 17:44:37.689 [main] INFO  com.maqway.wxht.WxhtApplication - No active profile set, falling back to default profiles: default
2018-01-11 17:44:45.321 [main] INFO  com.maqway.wxht.WxhtApplication - Started WxhtApplication in 8.541 seconds (JVM running for 11.042)
2018-01-11 17:47:33.171 [main] INFO  com.maqway.wxht.WxhtApplication - Starting WxhtApplication on Sakura with PID 12836 (D:\Project\wxht\wxhtpt\target\classes started by Administrator in D:\Project\wxht)
2018-01-11 17:47:33.178 [main] INFO  com.maqway.wxht.WxhtApplication - No active profile set, falling back to default profiles: default
2018-01-11 17:47:40.672 [main] INFO  com.maqway.wxht.WxhtApplication - Started WxhtApplication in 8.271 seconds (JVM running for 10.86)
2018-01-11 17:48:38.053 [main] INFO  com.maqway.wxht.WxhtApplication - Starting WxhtApplication on Sakura with PID 3388 (D:\Project\wxht\wxhtpt\target\classes started by Administrator in D:\Project\wxht)
2018-01-11 17:48:38.059 [main] INFO  com.maqway.wxht.WxhtApplication - No active profile set, falling back to default profiles: default
2018-01-11 17:48:45.792 [main] INFO  com.maqway.wxht.WxhtApplication - Started WxhtApplication in 8.48 seconds (JVM running for 11.084)
2018-01-11 17:49:49.455 [main] INFO  com.maqway.wxht.WxhtApplication - Starting WxhtApplication on Sakura with PID 224 (D:\Project\wxht\wxhtpt\target\classes started by Administrator in D:\Project\wxht)
2018-01-11 17:49:49.506 [main] INFO  com.maqway.wxht.WxhtApplication - No active profile set, falling back to default profiles: default
2018-01-11 17:49:57.150 [main] INFO  com.maqway.wxht.WxhtApplication - Started WxhtApplication in 8.64 seconds (JVM running for 11.167)
2018-01-11 17:51:24.766 [main] INFO  com.maqway.wxht.WxhtApplication - Starting WxhtApplication on Sakura with PID 10688 (D:\Project\wxht\wxhtpt\target\classes started by Administrator in D:\Project\wxht)
2018-01-11 17:51:24.774 [main] INFO  com.maqway.wxht.WxhtApplication - No active profile set, falling back to default profiles: default
2018-01-11 17:51:32.121 [main] INFO  com.maqway.wxht.WxhtApplication - Started WxhtApplication in 8.132 seconds (JVM running for 10.786)
2018-01-11 17:52:17.220 [main] INFO  com.maqway.wxht.WxhtApplication - Starting WxhtApplication on Sakura with PID 14204 (D:\Project\wxht\wxhtpt\target\classes started by Administrator in D:\Project\wxht)
2018-01-11 17:52:17.226 [main] INFO  com.maqway.wxht.WxhtApplication - No active profile set, falling back to default profiles: default
2018-01-11 17:52:24.823 [main] INFO  com.maqway.wxht.WxhtApplication - Started WxhtApplication in 8.299 seconds (JVM running for 11.113)
2018-01-11 17:53:28.168 [main] INFO  com.maqway.wxht.WxhtApplication - Starting WxhtApplication on Sakura with PID 12784 (D:\Project\wxht\wxhtpt\target\classes started by Administrator in D:\Project\wxht)
2018-01-11 17:53:28.174 [main] INFO  com.maqway.wxht.WxhtApplication - No active profile set, falling back to default profiles: default
2018-01-11 17:53:36.033 [main] INFO  com.maqway.wxht.WxhtApplication - Started WxhtApplication in 8.775 seconds (JVM running for 11.342)
2018-01-11 17:53:48.446 [main] INFO  com.maqway.wxht.WxhtApplication - Starting WxhtApplication on Sakura with PID 13884 (D:\Project\wxht\wxhtpt\target\classes started by Administrator in D:\Project\wxht)
2018-01-11 17:53:48.452 [main] INFO  com.maqway.wxht.WxhtApplication - No active profile set, falling back to default profiles: default
2018-01-11 17:53:56.491 [main] INFO  com.maqway.wxht.WxhtApplication - Started WxhtApplication in 8.772 seconds (JVM running for 11.281)
2018-01-11 18:24:19.104 [main] INFO  com.maqway.wxht.WxhtApplication - Starting WxhtApplication on Sakura with PID 7636 (D:\Project\wxht\wxhtpt\target\classes started by Administrator in D:\Project\wxht)
2018-01-11 18:24:19.110 [main] INFO  com.maqway.wxht.WxhtApplication - No active profile set, falling back to default profiles: default
2018-01-11 18:24:25.228 [main] INFO  com.maqway.wxht.WxhtApplication - Started WxhtApplication in 6.713 seconds (JVM running for 8.726)
2018-01-11 18:25:27.755 [main] INFO  com.maqway.wxht.WxhtApplication - Starting WxhtApplication on Sakura with PID 14760 (D:\Project\wxht\wxhtpt\target\classes started by Administrator in D:\Project\wxht)
2018-01-11 18:25:27.787 [main] INFO  com.maqway.wxht.WxhtApplication - No active profile set, falling back to default profiles: default
2018-01-11 18:25:33.805 [main] INFO  com.maqway.wxht.WxhtApplication - Started WxhtApplication in 6.618 seconds (JVM running for 8.725)
2018-01-11 18:26:21.490 [main] INFO  com.maqway.wxht.WxhtApplication - Starting WxhtApplication on Sakura with PID 6128 (D:\Project\wxht\wxhtpt\target\classes started by Administrator in D:\Project\wxht)
2018-01-11 18:26:21.496 [main] INFO  com.maqway.wxht.WxhtApplication - No active profile set, falling back to default profiles: default
2018-01-11 18:26:27.646 [main] INFO  com.maqway.wxht.WxhtApplication - Started WxhtApplication in 6.661 seconds (JVM running for 8.716)
